<?xml version="1.0" encoding="utf-8" standalone="no"?>
<!--This file represents the results of running a test suite-->
<test-results name="D:\(Documents)\Documents\Visual Studio 2012\Projects\SeleniumNUnitTest\SeleniumNUnitTest\bin\Debug\SeleniumNUnitTest.dll" total="7" errors="2" failures="0" not-run="0" inconclusive="0" ignored="0" skipped="0" invalid="0" date="2015-12-30" time="15:02:53">
  <environment nunit-version="2.5.9.10348" clr-version="2.0.50727.5485" os-version="Microsoft Windows NT 6.1.7601 Service Pack 1" platform="Win32NT" cwd="D:\(Documents)\Desktop\NUnit.2.5.9.10348\Tools" machine-name="IOANA-PC" user="Ioana" user-domain="Ioana-PC" />
  <culture-info current-culture="ro-RO" current-uiculture="en-US" />
  <test-suite type="Assembly" name="D:\(Documents)\Documents\Visual Studio 2012\Projects\SeleniumNUnitTest\SeleniumNUnitTest\bin\Debug\SeleniumNUnitTest.dll" executed="True" result="Failure" success="False" time="77.916" asserts="0">
    <results>
      <test-suite type="Namespace" name="SeleniumNUnitTest" executed="True" result="Failure" success="False" time="33.982" asserts="0">
        <results>
          <test-suite type="TestFixture" name="GmailTests" executed="True" result="Failure" success="False" time="33.979" asserts="0">
            <results>
              <test-case name="SeleniumNUnitTest.GmailTests.Login" executed="True" result="Error" success="False" time="13.448" asserts="0">
                <failure>
                  <message><![CDATA[OpenQA.Selenium.NoSuchElementException : Unable to locate element: {"method":"id","selector":"Passwd"}]]></message>
                  <stack-trace><![CDATA[at OpenQA.Selenium.Remote.RemoteWebDriver.UnpackAndThrowOnError(Response errorResponse) in c:\Projects\webdriver\dotnet\src\webdriver\Remote\RemoteWebDriver.cs:line 1163
at OpenQA.Selenium.Remote.RemoteWebDriver.Execute(String driverCommandToExecute, Dictionary`2 parameters) in c:\Projects\webdriver\dotnet\src\webdriver\Remote\RemoteWebDriver.cs:line 982
at OpenQA.Selenium.Remote.RemoteWebDriver.FindElement(String mechanism, String value) in c:\Projects\webdriver\dotnet\src\webdriver\Remote\RemoteWebDriver.cs:line 1011
at OpenQA.Selenium.By.FindElement(ISearchContext context) in c:\Projects\webdriver\dotnet\src\webdriver\By.cs:line 309
at SeleniumNUnitTest.GmailTests.Login() in d:\(Documents)\Documents\Visual Studio 2012\Projects\SeleniumNUnitTest\SeleniumNUnitTest\GmailTests.cs:line 37
]]></stack-trace>
                </failure>
              </test-case>
              <test-suite type="ParameterizedTest" name="Search" executed="True" result="Success" success="True" time="20.498" asserts="0">
                <results>
                  <test-case name="SeleniumNUnitTest.GmailTests.Search(&quot;Google&quot;)" executed="True" result="Success" success="True" time="10.032" asserts="0" />
                  <test-case name="SeleniumNUnitTest.GmailTests.Search(&quot;Bing&quot;)" executed="True" result="Success" success="True" time="10.464" asserts="0" />
                </results>
              </test-suite>
            </results>
          </test-suite>
        </results>
      </test-suite>
      <test-suite type="Namespace" name="SeleniumTests" executed="True" result="Failure" success="False" time="43.916" asserts="0">
        <results>
          <test-suite type="TestFixture" name="MercuryTour04WebDriver" executed="True" result="Failure" success="False" time="12.241" asserts="0">
            <results>
              <test-case name="SeleniumTests.MercuryTour04WebDriver.TheMercuryTour04WebDriverTest" executed="True" result="Error" success="False" time="12.241" asserts="0">
                <failure>
                  <message><![CDATA[OpenQA.Selenium.NoSuchElementException : Unable to locate element: {"method":"name","selector":"tripType value=oneway"}]]></message>
                  <stack-trace><![CDATA[at OpenQA.Selenium.Remote.RemoteWebDriver.UnpackAndThrowOnError(Response errorResponse) in c:\Projects\webdriver\dotnet\src\webdriver\Remote\RemoteWebDriver.cs:line 1163
at OpenQA.Selenium.Remote.RemoteWebDriver.Execute(String driverCommandToExecute, Dictionary`2 parameters) in c:\Projects\webdriver\dotnet\src\webdriver\Remote\RemoteWebDriver.cs:line 982
at OpenQA.Selenium.Remote.RemoteWebDriver.FindElement(String mechanism, String value) in c:\Projects\webdriver\dotnet\src\webdriver\Remote\RemoteWebDriver.cs:line 1011
at OpenQA.Selenium.By.FindElement(ISearchContext context) in c:\Projects\webdriver\dotnet\src\webdriver\By.cs:line 309
at SeleniumTests.MercuryTour04WebDriver.TheMercuryTour04WebDriverTest() in d:\(Documents)\Documents\Visual Studio 2012\Projects\SeleniumNUnitTest\SeleniumNUnitTest\MercuryTour_04_WebDriver.cs:line 52
]]></stack-trace>
                </failure>
              </test-case>
            </results>
          </test-suite>
          <test-suite type="TestFixture" name="MercuryTour06CSSWebDriver" executed="True" result="Success" success="True" time="9.482" asserts="0">
            <results>
              <test-case name="SeleniumTests.MercuryTour06CSSWebDriver.TheMercuryTour06CSSWebDriverTest" executed="True" result="Success" success="True" time="9.481" asserts="0" />
            </results>
          </test-suite>
          <test-suite type="TestFixture" name="MercuryTour08UnCheckWebDriver" executed="True" result="Success" success="True" time="8.200" asserts="0">
            <results>
              <test-case name="SeleniumTests.MercuryTour08UnCheckWebDriver.TheMercuryTour08UnCheckWebDriverTest" executed="True" result="Success" success="True" time="8.199" asserts="0" />
            </results>
          </test-suite>
          <test-suite type="TestFixture" name="MercuryTours" executed="True" result="Success" success="True" time="13.950" asserts="0">
            <results>
              <test-case name="SeleniumTests.MercuryTours.TheMercuryToursTest" executed="True" result="Success" success="True" time="13.949" asserts="0" />
            </results>
          </test-suite>
        </results>
      </test-suite>
    </results>
  </test-suite>
</test-results>